<?xml version="1.0" encoding="UTF-8"?>
<testng-results ignored="0" total="1" passed="1" failed="0" skipped="0">
  <reporter-output>
  </reporter-output>
  <suite started-at="2023-03-13T22:50:33 IST" name="Default suite" finished-at="2023-03-13T22:50:42 IST" duration-ms="9487">
    <groups>
    </groups>
    <test started-at="2023-03-13T22:50:33 IST" name="Default test" finished-at="2023-03-13T22:50:42 IST" duration-ms="9487">
      <class name="crud.DemoGet">
        <test-method signature="getResponses()[pri:0, instance:crud.DemoGet@4d02f94e]" started-at="2023-03-13T22:50:33 IST" name="getResponses" finished-at="2023-03-13T22:50:42 IST" duration-ms="9344" status="PASS">
          <reporter-output>
          </reporter-output>
        </test-method> <!-- getResponses -->
      </class> <!-- crud.DemoGet -->
    </test> <!-- Default test -->
  </suite> <!-- Default suite -->
</testng-results>
